  main.cpp
C:\Program Files (x86)\Windows Kits\10\Include\10.0.19041.0\shared\minwindef.h(130,1): warning C4005: 'APIENTRY': redefinición de macro
C:\Users\HOME\Documents\midiMazeArch\include\glad\glad.h(32): message : vea la definición anterior de 'APIENTRY'
C:\Users\HOME\Documents\GitHub\Videojuegos_MIDI_Maze\MidiMaze\src\Enemies.h(369,45): warning C4244: 'argumento': conversión de 'T' a 'const unsigned __int64'; posible pérdida de datos
          with
          [
              T=float
          ]
C:\Users\HOME\Documents\GitHub\Videojuegos_MIDI_Maze\MidiMaze\src\Enemies.h(369,65): warning C4244: 'argumento': conversión de 'T' a 'unsigned __int64'; posible pérdida de datos
          with
          [
              T=float
          ]
C:\Users\HOME\Documents\GitHub\Videojuegos_MIDI_Maze\MidiMaze\src\Enemies.h(370,41): warning C4244: 'argumento': conversión de 'T' a 'const unsigned __int64'; posible pérdida de datos
          with
          [
              T=float
          ]
C:\Users\HOME\Documents\GitHub\Videojuegos_MIDI_Maze\MidiMaze\src\Enemies.h(370,57): warning C4244: 'argumento': conversión de 'T' a 'unsigned __int64'; posible pérdida de datos
          with
          [
              T=float
          ]
C:\Users\HOME\Documents\GitHub\Videojuegos_MIDI_Maze\MidiMaze\src\Enemies.h(595,81): warning C4244: 'argumento': conversión de 'T' a 'int'; posible pérdida de datos
          with
          [
              T=float
          ]
C:\Users\HOME\Documents\GitHub\Videojuegos_MIDI_Maze\MidiMaze\src\Enemies.h(595,60): warning C4244: 'argumento': conversión de 'T' a 'int'; posible pérdida de datos
          with
          [
              T=float
          ]
C:\Users\HOME\Documents\GitHub\Videojuegos_MIDI_Maze\MidiMaze\src\Enemies.h(602,42): warning C4244: 'argumento': conversión de 'T' a 'const unsigned __int64'; posible pérdida de datos
          with
          [
              T=float
          ]
C:\Users\HOME\Documents\GitHub\Videojuegos_MIDI_Maze\MidiMaze\src\Enemies.h(602,67): warning C4244: 'argumento': conversión de 'T' a 'unsigned __int64'; posible pérdida de datos
          with
          [
              T=float
          ]
  MidiMaze.vcxproj -> C:\Users\HOME\Documents\GitHub\Videojuegos_MIDI_Maze\x64\Debug\MidiMaze.exe
